  Camera.cpp
  DirectionalLight.cpp
C:\Users\derek\source\repos\ChordEngine\ChordEngine\DirectionalLight.cpp(17,14): warning C4244: 'argument': conversion from 'GLfloat' to 'GLint', possible loss of data
C:\Users\derek\source\repos\ChordEngine\ChordEngine\DirectionalLight.cpp(18,14): warning C4244: 'argument': conversion from 'GLfloat' to 'GLint', possible loss of data
C:\Users\derek\source\repos\ChordEngine\ChordEngine\DirectionalLight.cpp(20,14): warning C4244: 'argument': conversion from 'GLfloat' to 'GLint', possible loss of data
C:\Users\derek\source\repos\ChordEngine\ChordEngine\DirectionalLight.cpp(21,14): warning C4244: 'argument': conversion from 'GLfloat' to 'GLint', possible loss of data
  GLWindow.cpp
C:\Users\derek\source\repos\ChordEngine\ChordEngine\GLWindow.h(16,36): warning C4244: 'return': conversion from 'GLint' to 'GLfloat', possible loss of data
C:\Users\derek\source\repos\ChordEngine\ChordEngine\GLWindow.h(17,37): warning C4244: 'return': conversion from 'GLint' to 'GLfloat', possible loss of data
C:\Users\derek\source\repos\ChordEngine\ChordEngine\GLWindow.cpp(138,28): warning C4244: '=': conversion from 'double' to 'GLfloat', possible loss of data
C:\Users\derek\source\repos\ChordEngine\ChordEngine\GLWindow.cpp(139,28): warning C4244: '=': conversion from 'double' to 'GLfloat', possible loss of data
C:\Users\derek\source\repos\ChordEngine\ChordEngine\GLWindow.cpp(144,31): warning C4244: '=': conversion from 'double' to 'GLfloat', possible loss of data
C:\Users\derek\source\repos\ChordEngine\ChordEngine\GLWindow.cpp(145,43): warning C4244: '=': conversion from 'double' to 'GLfloat', possible loss of data
C:\Users\derek\source\repos\ChordEngine\ChordEngine\GLWindow.cpp(147,24): warning C4244: '=': conversion from 'double' to 'GLfloat', possible loss of data
C:\Users\derek\source\repos\ChordEngine\ChordEngine\GLWindow.cpp(148,24): warning C4244: '=': conversion from 'double' to 'GLfloat', possible loss of data
  Light.cpp
  main.cpp
C:\Users\derek\source\repos\ChordEngine\ChordEngine\GLWindow.h(16,36): warning C4244: 'return': conversion from 'GLint' to 'GLfloat', possible loss of data
C:\Users\derek\source\repos\ChordEngine\ChordEngine\GLWindow.h(17,37): warning C4244: 'return': conversion from 'GLint' to 'GLfloat', possible loss of data
C:\Users\derek\source\repos\ChordEngine\ChordEngine\main.cpp(82,58): warning C4267: 'initializing': conversion from 'size_t' to 'unsigned int', possible loss of data
C:\Users\derek\source\repos\ChordEngine\ChordEngine\main.cpp(206,21): warning C4244: 'initializing': conversion from 'double' to 'GLfloat', possible loss of data
  Material.cpp
  Mesh.cpp
  Model.cpp
C:\Users\derek\source\repos\ChordEngine\ChordEngine\Model.cpp(29,10): warning C4477: 'printf' : format string '%s' requires an argument of type 'char *', but variadic argument 1 has type 'const std::string'
C:\Users\derek\source\repos\ChordEngine\ChordEngine\Model.cpp(79,80): warning C4267: 'argument': conversion from 'size_t' to 'unsigned int', possible loss of data
C:\Users\derek\source\repos\ChordEngine\ChordEngine\Model.cpp(99,49): warning C4267: 'initializing': conversion from 'size_t' to 'int', possible loss of data
C:\Users\derek\source\repos\ChordEngine\ChordEngine\Model.cpp(108,13): warning C4477: 'printf' : format string '%s' requires an argument of type 'char *', but variadic argument 1 has type 'std::string'
  PointLight.cpp
  Shader.cpp
C:\Users\derek\source\repos\ChordEngine\ChordEngine\Shader.cpp(107,44): warning C4477: 'snprintf' : format string '%d' requires an argument of type 'int', but variadic argument 1 has type 'size_t'
C:\Users\derek\source\repos\ChordEngine\ChordEngine\Shader.cpp(107,44): message : consider using '%zd' in the format string
C:\Users\derek\source\repos\ChordEngine\ChordEngine\Shader.cpp(110,44): warning C4477: 'snprintf' : format string '%d' requires an argument of type 'int', but variadic argument 1 has type 'size_t'
C:\Users\derek\source\repos\ChordEngine\ChordEngine\Shader.cpp(110,44): message : consider using '%zd' in the format string
C:\Users\derek\source\repos\ChordEngine\ChordEngine\Shader.cpp(113,44): warning C4477: 'snprintf' : format string '%d' requires an argument of type 'int', but variadic argument 1 has type 'size_t'
C:\Users\derek\source\repos\ChordEngine\ChordEngine\Shader.cpp(113,44): message : consider using '%zd' in the format string
C:\Users\derek\source\repos\ChordEngine\ChordEngine\Shader.cpp(116,44): warning C4477: 'snprintf' : format string '%d' requires an argument of type 'int', but variadic argument 1 has type 'size_t'
C:\Users\derek\source\repos\ChordEngine\ChordEngine\Shader.cpp(116,44): message : consider using '%zd' in the format string
C:\Users\derek\source\repos\ChordEngine\ChordEngine\Shader.cpp(119,44): warning C4477: 'snprintf' : format string '%d' requires an argument of type 'int', but variadic argument 1 has type 'size_t'
C:\Users\derek\source\repos\ChordEngine\ChordEngine\Shader.cpp(119,44): message : consider using '%zd' in the format string
C:\Users\derek\source\repos\ChordEngine\ChordEngine\Shader.cpp(122,44): warning C4477: 'snprintf' : format string '%d' requires an argument of type 'int', but variadic argument 1 has type 'size_t'
C:\Users\derek\source\repos\ChordEngine\ChordEngine\Shader.cpp(122,44): message : consider using '%zd' in the format string
C:\Users\derek\source\repos\ChordEngine\ChordEngine\Shader.cpp(125,44): warning C4477: 'snprintf' : format string '%d' requires an argument of type 'int', but variadic argument 1 has type 'size_t'
C:\Users\derek\source\repos\ChordEngine\ChordEngine\Shader.cpp(125,44): message : consider using '%zd' in the format string
C:\Users\derek\source\repos\ChordEngine\ChordEngine\Shader.cpp(139,44): warning C4477: 'snprintf' : format string '%d' requires an argument of type 'int', but variadic argument 1 has type 'size_t'
C:\Users\derek\source\repos\ChordEngine\ChordEngine\Shader.cpp(139,44): message : consider using '%zd' in the format string
C:\Users\derek\source\repos\ChordEngine\ChordEngine\Shader.cpp(142,44): warning C4477: 'snprintf' : format string '%d' requires an argument of type 'int', but variadic argument 1 has type 'size_t'
C:\Users\derek\source\repos\ChordEngine\ChordEngine\Shader.cpp(142,44): message : consider using '%zd' in the format string
C:\Users\derek\source\repos\ChordEngine\ChordEngine\Shader.cpp(145,44): warning C4477: 'snprintf' : format string '%d' requires an argument of type 'int', but variadic argument 1 has type 'size_t'
C:\Users\derek\source\repos\ChordEngine\ChordEngine\Shader.cpp(145,44): message : consider using '%zd' in the format string
C:\Users\derek\source\repos\ChordEngine\ChordEngine\Shader.cpp(148,44): warning C4477: 'snprintf' : format string '%d' requires an argument of type 'int', but variadic argument 1 has type 'size_t'
C:\Users\derek\source\repos\ChordEngine\ChordEngine\Shader.cpp(148,44): message : consider using '%zd' in the format string
C:\Users\derek\source\repos\ChordEngine\ChordEngine\Shader.cpp(151,44): warning C4477: 'snprintf' : format string '%d' requires an argument of type 'int', but variadic argument 1 has type 'size_t'
C:\Users\derek\source\repos\ChordEngine\ChordEngine\Shader.cpp(151,44): message : consider using '%zd' in the format string
C:\Users\derek\source\repos\ChordEngine\ChordEngine\Shader.cpp(154,44): warning C4477: 'snprintf' : format string '%d' requires an argument of type 'int', but variadic argument 1 has type 'size_t'
C:\Users\derek\source\repos\ChordEngine\ChordEngine\Shader.cpp(154,44): message : consider using '%zd' in the format string
C:\Users\derek\source\repos\ChordEngine\ChordEngine\Shader.cpp(157,44): warning C4477: 'snprintf' : format string '%d' requires an argument of type 'int', but variadic argument 1 has type 'size_t'
C:\Users\derek\source\repos\ChordEngine\ChordEngine\Shader.cpp(157,44): message : consider using '%zd' in the format string
C:\Users\derek\source\repos\ChordEngine\ChordEngine\Shader.cpp(160,44): warning C4477: 'snprintf' : format string '%d' requires an argument of type 'int', but variadic argument 1 has type 'size_t'
C:\Users\derek\source\repos\ChordEngine\ChordEngine\Shader.cpp(160,44): message : consider using '%zd' in the format string
C:\Users\derek\source\repos\ChordEngine\ChordEngine\Shader.cpp(163,44): warning C4477: 'snprintf' : format string '%d' requires an argument of type 'int', but variadic argument 1 has type 'size_t'
C:\Users\derek\source\repos\ChordEngine\ChordEngine\Shader.cpp(163,44): message : consider using '%zd' in the format string
C:\Users\derek\source\repos\ChordEngine\ChordEngine\Shader.cpp(220,94): warning C4244: 'argument': conversion from 'GLuint' to 'GLfloat', possible loss of data
C:\Users\derek\source\repos\ChordEngine\ChordEngine\Shader.cpp(220,45): warning C4244: 'argument': conversion from 'GLuint' to 'GLfloat', possible loss of data
C:\Users\derek\source\repos\ChordEngine\ChordEngine\Shader.cpp(219,94): warning C4244: 'argument': conversion from 'GLuint' to 'GLfloat', possible loss of data
C:\Users\derek\source\repos\ChordEngine\ChordEngine\Shader.cpp(219,45): warning C4244: 'argument': conversion from 'GLuint' to 'GLfloat', possible loss of data
C:\Users\derek\source\repos\ChordEngine\ChordEngine\Shader.cpp(277,39): warning C4267: '=': conversion from 'size_t' to 'GLint', possible loss of data
  SpotLight.cpp
  Texture.cpp
DirectionalLight.obj : error LNK2001: unresolved external symbol __imp___glewUniform1f
DirectionalLight.obj : error LNK2001: unresolved external symbol __imp___glewUniform3f
GLWindow.obj : error LNK2001: unresolved external symbol glfwGetWindowUserPointer
GLWindow.obj : error LNK2001: unresolved external symbol glfwGetFramebufferSize
GLWindow.obj : error LNK2001: unresolved external symbol glfwTerminate
GLWindow.obj : error LNK2001: unresolved external symbol glfwInit
GLWindow.obj : error LNK2001: unresolved external symbol glfwSetKeyCallback
GLWindow.obj : error LNK2001: unresolved external symbol glfwSetWindowShouldClose
GLWindow.obj : error LNK2001: unresolved external symbol glfwCreateWindow
GLWindow.obj : error LNK2001: unresolved external symbol glfwWindowHint
GLWindow.obj : error LNK2001: unresolved external symbol glfwSetInputMode
GLWindow.obj : error LNK2001: unresolved external symbol glfwMakeContextCurrent
GLWindow.obj : error LNK2001: unresolved external symbol glfwSetWindowUserPointer
GLWindow.obj : error LNK2001: unresolved external symbol glfwDestroyWindow
GLWindow.obj : error LNK2001: unresolved external symbol __imp_glewExperimental
GLWindow.obj : error LNK2001: unresolved external symbol glfwSetCursorPosCallback
GLWindow.obj : error LNK2001: unresolved external symbol __imp_glewInit
main.obj : error LNK2001: unresolved external symbol glfwSwapBuffers
main.obj : error LNK2001: unresolved external symbol __imp___glewUseProgram
main.obj : error LNK2001: unresolved external symbol glfwGetTime
main.obj : error LNK2001: unresolved external symbol glfwPollEvents
main.obj : error LNK2001: unresolved external symbol __imp___glewUniformMatrix4fv
main.obj : error LNK2001: unresolved external symbol glfwWindowShouldClose
Mesh.obj : error LNK2001: unresolved external symbol __imp___glewEnableVertexAttribArray
Mesh.obj : error LNK2001: unresolved external symbol __imp___glewBindVertexArray
Mesh.obj : error LNK2001: unresolved external symbol __imp___glewVertexAttribPointer
Mesh.obj : error LNK2001: unresolved external symbol __imp___glewBindBuffer
Mesh.obj : error LNK2001: unresolved external symbol __imp___glewDeleteVertexArrays
Mesh.obj : error LNK2001: unresolved external symbol __imp___glewBufferData
Mesh.obj : error LNK2001: unresolved external symbol __imp___glewGenVertexArrays
Mesh.obj : error LNK2001: unresolved external symbol __imp___glewGenBuffers
Mesh.obj : error LNK2001: unresolved external symbol __imp___glewDeleteBuffers
Model.obj : error LNK2001: unresolved external symbol aiGetMaterialTextureCount
Model.obj : error LNK2001: unresolved external symbol "public: char const * __cdecl Assimp::Importer::GetErrorString(void)const " (?GetErrorString@Importer@Assimp@@QEBAPEBDXZ)
Model.obj : error LNK2001: unresolved external symbol "public: struct aiScene const * __cdecl Assimp::Importer::ReadFile(char const *,unsigned int)" (?ReadFile@Importer@Assimp@@QEAAPEBUaiScene@@PEBDI@Z)
Model.obj : error LNK2001: unresolved external symbol "public: __cdecl Assimp::Importer::~Importer(void)" (??1Importer@Assimp@@QEAA@XZ)
Model.obj : error LNK2001: unresolved external symbol "public: __cdecl Assimp::Importer::Importer(void)" (??0Importer@Assimp@@QEAA@XZ)
Model.obj : error LNK2001: unresolved external symbol aiGetMaterialTexture
Shader.obj : error LNK2001: unresolved external symbol __imp___glewGetShaderiv
Shader.obj : error LNK2001: unresolved external symbol __imp___glewCompileShader
Shader.obj : error LNK2001: unresolved external symbol __imp___glewCreateShader
Shader.obj : error LNK2001: unresolved external symbol __imp___glewCreateProgram
Shader.obj : error LNK2001: unresolved external symbol __imp___glewUniform1i
Shader.obj : error LNK2001: unresolved external symbol __imp___glewGetShaderInfoLog
Shader.obj : error LNK2001: unresolved external symbol __imp___glewValidateProgram
Shader.obj : error LNK2001: unresolved external symbol __imp___glewGetProgramiv
Shader.obj : error LNK2001: unresolved external symbol __imp___glewGetUniformLocation
Shader.obj : error LNK2001: unresolved external symbol __imp___glewAttachShader
Shader.obj : error LNK2001: unresolved external symbol __imp___glewDeleteProgram
Shader.obj : error LNK2001: unresolved external symbol __imp___glewShaderSource
Shader.obj : error LNK2001: unresolved external symbol __imp___glewGetProgramInfoLog
Shader.obj : error LNK2001: unresolved external symbol __imp___glewLinkProgram
Texture.obj : error LNK2001: unresolved external symbol __imp___glewActiveTexture
Texture.obj : error LNK2001: unresolved external symbol __imp___glewGenerateMipmap
C:\Users\derek\source\repos\ChordEngine\x64\Release\ChordEngine.exe : fatal error LNK1120: 54 unresolved externals
