C:\Program Files (x86)\Microsoft Visual Studio\2019\Community\MSBuild\Microsoft\VC\v160\Microsoft.CppBuild.targets(467,5): warning MSB8028: The intermediate directory (Release\) contains files shared from another project (OpenGLCourseApp.vcxproj).  This can lead to incorrect clean and rebuild behavior.
  Camera.cpp
  DirectionalLight.cpp
C:\Users\derek\source\repos\ChordEngine\ChordEngine\DirectionalLight.cpp(17,14): warning C4244: 'argument': conversion from 'GLfloat' to 'GLint', possible loss of data
C:\Users\derek\source\repos\ChordEngine\ChordEngine\DirectionalLight.cpp(18,14): warning C4244: 'argument': conversion from 'GLfloat' to 'GLint', possible loss of data
C:\Users\derek\source\repos\ChordEngine\ChordEngine\DirectionalLight.cpp(20,14): warning C4244: 'argument': conversion from 'GLfloat' to 'GLint', possible loss of data
C:\Users\derek\source\repos\ChordEngine\ChordEngine\DirectionalLight.cpp(21,14): warning C4244: 'argument': conversion from 'GLfloat' to 'GLint', possible loss of data
  GLWindow.cpp
C:\Users\derek\source\repos\ChordEngine\ChordEngine\GLWindow.h(16,36): warning C4244: 'return': conversion from 'GLint' to 'GLfloat', possible loss of data
C:\Users\derek\source\repos\ChordEngine\ChordEngine\GLWindow.h(17,37): warning C4244: 'return': conversion from 'GLint' to 'GLfloat', possible loss of data
C:\Users\derek\source\repos\ChordEngine\ChordEngine\GLWindow.cpp(138,28): warning C4244: '=': conversion from 'double' to 'GLfloat', possible loss of data
C:\Users\derek\source\repos\ChordEngine\ChordEngine\GLWindow.cpp(139,28): warning C4244: '=': conversion from 'double' to 'GLfloat', possible loss of data
C:\Users\derek\source\repos\ChordEngine\ChordEngine\GLWindow.cpp(144,31): warning C4244: '=': conversion from 'double' to 'GLfloat', possible loss of data
C:\Users\derek\source\repos\ChordEngine\ChordEngine\GLWindow.cpp(145,43): warning C4244: '=': conversion from 'double' to 'GLfloat', possible loss of data
C:\Users\derek\source\repos\ChordEngine\ChordEngine\GLWindow.cpp(147,24): warning C4244: '=': conversion from 'double' to 'GLfloat', possible loss of data
C:\Users\derek\source\repos\ChordEngine\ChordEngine\GLWindow.cpp(148,24): warning C4244: '=': conversion from 'double' to 'GLfloat', possible loss of data
  Light.cpp
  main.cpp
C:\Users\derek\source\repos\ChordEngine\ChordEngine\GLWindow.h(16,36): warning C4244: 'return': conversion from 'GLint' to 'GLfloat', possible loss of data
C:\Users\derek\source\repos\ChordEngine\ChordEngine\GLWindow.h(17,37): warning C4244: 'return': conversion from 'GLint' to 'GLfloat', possible loss of data
C:\Users\derek\source\repos\ChordEngine\ChordEngine\main.cpp(212,21): warning C4244: 'initializing': conversion from 'double' to 'GLfloat', possible loss of data
  Material.cpp
  Mesh.cpp
  Model.cpp
C:\Users\derek\source\repos\ChordEngine\ChordEngine\Model.cpp(29,10): warning C4477: 'printf' : format string '%s' requires an argument of type 'char *', but variadic argument 1 has type 'const std::string'
C:\Users\derek\source\repos\ChordEngine\ChordEngine\Model.cpp(108,13): warning C4477: 'printf' : format string '%s' requires an argument of type 'char *', but variadic argument 1 has type 'std::string'
  PointLight.cpp
  Shader.cpp
C:\Users\derek\source\repos\ChordEngine\ChordEngine\Shader.cpp(220,94): warning C4244: 'argument': conversion from 'GLuint' to 'GLfloat', possible loss of data
C:\Users\derek\source\repos\ChordEngine\ChordEngine\Shader.cpp(220,45): warning C4244: 'argument': conversion from 'GLuint' to 'GLfloat', possible loss of data
C:\Users\derek\source\repos\ChordEngine\ChordEngine\Shader.cpp(219,94): warning C4244: 'argument': conversion from 'GLuint' to 'GLfloat', possible loss of data
C:\Users\derek\source\repos\ChordEngine\ChordEngine\Shader.cpp(219,45): warning C4244: 'argument': conversion from 'GLuint' to 'GLfloat', possible loss of data
  SpotLight.cpp
  Texture.cpp
  Generating code
C:\Users\derek\source\repos\ChordEngine\ChordEngine\GLWindow.cpp(86): warning C4715: 'GLWindow::Initialize': not all control paths return a value
  546 of 556 functions (98.2%) were compiled, the rest were copied from previous compilation.
    24 functions were new in current compilation
    2 functions had inline decision re-evaluated but remain unchanged
  Finished generating code
  ChordEngine.vcxproj -> C:\Users\derek\source\repos\ChordEngine\Release\ChordEngine.exe
